<?xml version="1.0" encoding="UTF-8"?>
<!-- Generated by org.testng.reporters.JUnitXMLReporter -->
<testsuite ignored="0" hostname="LAPTOP-N8BR68GL" failures="1" tests="13" name="App Test" time="24.781" errors="0" timestamp="2025-10-05T06:52:37 IST">
  <testcase classname="com.qa.testcases.LoginPageTest" name="loginPageTitleTest" time="0.037">
    <skipped/>
  </testcase> <!-- loginPageTitleTest -->
  <testcase classname="com.qa.testcases.LoginPageTest" name="loginPageTitleTest" time="0.01">
    <skipped/>
  </testcase> <!-- loginPageTitleTest -->
  <testcase classname="com.qa.testcases.LoginPageTest" name="loginPageTitleTest" time="0.009">
    <skipped/>
  </testcase> <!-- loginPageTitleTest -->
  <testcase classname="com.qa.testcases.LoginPageTest" name="loginPageTitleTest" time="0.014">
    <skipped/>
  </testcase> <!-- loginPageTitleTest -->
  <testcase classname="com.qa.testcases.LoginPageTest" name="loginPageTitleTest" time="0.009">
    <skipped/>
  </testcase> <!-- loginPageTitleTest -->
  <testcase classname="com.qa.testcases.LoginPageTest" name="loginPageTitleTest" time="0.007">
    <skipped/>
  </testcase> <!-- loginPageTitleTest -->
  <testcase classname="com.qa.testcases.LoginPageTest" name="loginPageTitleTest" time="0.009">
    <skipped/>
  </testcase> <!-- loginPageTitleTest -->
  <testcase classname="com.qa.testcases.LoginPageTest" name="loginPageTitleTest" time="0.011">
    <skipped/>
  </testcase> <!-- loginPageTitleTest -->
  <testcase classname="com.qa.testcases.LoginPageTest" name="loginPageTitleTest" time="0.011">
    <skipped/>
  </testcase> <!-- loginPageTitleTest -->
  <testcase classname="com.qa.testcases.LoginPageTest" name="loginPageTitleTest" time="0.009">
    <skipped/>
  </testcase> <!-- loginPageTitleTest -->
  <testcase classname="com.qa.testcases.LoginPageTest" name="loginPageTitleTest" time="0.009">
    <failure type="java.lang.AssertionError" message="expected [Let&amp;apos;s Sho] but found [Let&amp;apos;s Shop]">
      <![CDATA[java.lang.AssertionError: expected [Let's Sho] but found [Let's Shop]
at com.qa.testcases.LoginPageTest.loginPageTitleTest(LoginPageTest.java:33)
at java.base/java.util.ArrayList.forEach(ArrayList.java:1596)
... Removed 31 stack frames]]>
    </failure>
  </testcase> <!-- loginPageTitleTest -->
  <testcase classname="com.qa.testcases.LoginPageTest" name="loginTest" time="0.208"/>
  <testcase classname="com.qa.testcases.ProductCataloguePageTest" name="productCataloguePageTitleTest" time="0.007"/>
</testsuite> <!-- App Test -->
